  Building Custom Rule D:/project/LearnOpenGL/CMakeLists.txt
cl : 命令行 warning D9002: 忽略未知选项“/EH;”
cl : 命令行 warning D9002: 忽略未知选项“/EH-”
cl : 命令行 warning D9002: 忽略未知选项“/EHt”
cl : 命令行 warning D9002: 忽略未知选项“/EHd”
cl : 命令行 warning D9002: 忽略未知选项“/EH=”
cl : 命令行 warning D9002: 忽略未知选项“/EH+”
cl : 命令行 warning D9002: 忽略未知选项“/EH+”
cl : 命令行 warning D9002: 忽略未知选项“/EH1”
cl : 命令行 warning D9002: 忽略未知选项“/EH1”
  lighting_maps_exercise4.cpp
D:\project\LearnOpenGL\includes\learnopengl/filesystem.h(23): warning C4996: 'getenv': This function or variable may be unsafe. Consider using _dupenv_s instead. To disable deprecation, use _CRT_SECURE_NO_WARNINGS. See online help for details.
  C:\Program Files (x86)\Windows Kits\10\Include\10.0.17763.0\ucrt\stdlib.h(1191): note: 参见“getenv”的声明
D:\project\LearnOpenGL\src\2.lighting\4.3.lighting_maps_exercise4\lighting_maps_exercise4.cpp(177): warning C4244: “初始化”: 从“double”转换到“float”，可能丢失数据
D:\project\LearnOpenGL\src\2.lighting\4.3.lighting_maps_exercise4\lighting_maps_exercise4.cpp(292): warning C4244: “=”: 从“double”转换到“float”，可能丢失数据
D:\project\LearnOpenGL\src\2.lighting\4.3.lighting_maps_exercise4\lighting_maps_exercise4.cpp(293): warning C4244: “=”: 从“double”转换到“float”，可能丢失数据
D:\project\LearnOpenGL\src\2.lighting\4.3.lighting_maps_exercise4\lighting_maps_exercise4.cpp(297): warning C4244: “初始化”: 从“double”转换到“float”，可能丢失数据
D:\project\LearnOpenGL\src\2.lighting\4.3.lighting_maps_exercise4\lighting_maps_exercise4.cpp(298): warning C4244: “初始化”: 从“double”转换到“float”，可能丢失数据
D:\project\LearnOpenGL\src\2.lighting\4.3.lighting_maps_exercise4\lighting_maps_exercise4.cpp(300): warning C4244: “=”: 从“double”转换到“float”，可能丢失数据
D:\project\LearnOpenGL\src\2.lighting\4.3.lighting_maps_exercise4\lighting_maps_exercise4.cpp(301): warning C4244: “=”: 从“double”转换到“float”，可能丢失数据
D:\project\LearnOpenGL\src\2.lighting\4.3.lighting_maps_exercise4\lighting_maps_exercise4.cpp(310): warning C4244: “参数”: 从“double”转换到“float”，可能丢失数据
  2.lighting__4.3.lighting_maps_exercise4.vcxproj -> D:\project\LearnOpenGL\bin\2.lighting\Debug\2.lighting__4.3.lighting_maps_exercise4.exe
