  Building Custom Rule D:/project/LearnOpenGL/CMakeLists.txt
cl : 命令行 warning D9002: 忽略未知选项“/EH;”
cl : 命令行 warning D9002: 忽略未知选项“/EH-”
cl : 命令行 warning D9002: 忽略未知选项“/EHt”
cl : 命令行 warning D9002: 忽略未知选项“/EHd”
cl : 命令行 warning D9002: 忽略未知选项“/EH=”
cl : 命令行 warning D9002: 忽略未知选项“/EH+”
cl : 命令行 warning D9002: 忽略未知选项“/EH+”
cl : 命令行 warning D9002: 忽略未知选项“/EH1”
cl : 命令行 warning D9002: 忽略未知选项“/EH1”
  light_casters_directional.cpp
D:\project\LearnOpenGL\includes\learnopengl/filesystem.h(23): warning C4996: 'getenv': This function or variable may be unsafe. Consider using _dupenv_s instead. To disable deprecation, use _CRT_SECURE_NO_WARNINGS. See online help for details.
  C:\Program Files (x86)\Windows Kits\10\Include\10.0.17763.0\ucrt\stdlib.h(1191): note: 参见“getenv”的声明
D:\project\LearnOpenGL\src\2.lighting\5.1.light_casters_directional\light_casters_directional.cpp(185): warning C4244: “初始化”: 从“double”转换到“float”，可能丢失数据
D:\project\LearnOpenGL\src\2.lighting\5.1.light_casters_directional\light_casters_directional.cpp(311): warning C4244: “=”: 从“double”转换到“float”，可能丢失数据
D:\project\LearnOpenGL\src\2.lighting\5.1.light_casters_directional\light_casters_directional.cpp(312): warning C4244: “=”: 从“double”转换到“float”，可能丢失数据
D:\project\LearnOpenGL\src\2.lighting\5.1.light_casters_directional\light_casters_directional.cpp(316): warning C4244: “初始化”: 从“double”转换到“float”，可能丢失数据
D:\project\LearnOpenGL\src\2.lighting\5.1.light_casters_directional\light_casters_directional.cpp(317): warning C4244: “初始化”: 从“double”转换到“float”，可能丢失数据
D:\project\LearnOpenGL\src\2.lighting\5.1.light_casters_directional\light_casters_directional.cpp(319): warning C4244: “=”: 从“double”转换到“float”，可能丢失数据
D:\project\LearnOpenGL\src\2.lighting\5.1.light_casters_directional\light_casters_directional.cpp(320): warning C4244: “=”: 从“double”转换到“float”，可能丢失数据
D:\project\LearnOpenGL\src\2.lighting\5.1.light_casters_directional\light_casters_directional.cpp(329): warning C4244: “参数”: 从“double”转换到“float”，可能丢失数据
  2.lighting__5.1.light_casters_directional.vcxproj -> D:\project\LearnOpenGL\bin\2.lighting\Debug\2.lighting__5.1.light_casters_directional.exe
