  Building Custom Rule D:/project/LearnOpenGL/CMakeLists.txt
cl : 命令行 warning D9002: 忽略未知选项“/EH;”
cl : 命令行 warning D9002: 忽略未知选项“/EH-”
cl : 命令行 warning D9002: 忽略未知选项“/EHt”
cl : 命令行 warning D9002: 忽略未知选项“/EHd”
cl : 命令行 warning D9002: 忽略未知选项“/EH=”
cl : 命令行 warning D9002: 忽略未知选项“/EH+”
cl : 命令行 warning D9002: 忽略未知选项“/EH+”
cl : 命令行 warning D9002: 忽略未知选项“/EH1”
cl : 命令行 warning D9002: 忽略未知选项“/EH1”
  camera_mouse_zoom.cpp
D:\project\LearnOpenGL\includes\learnopengl/filesystem.h(23): warning C4996: 'getenv': This function or variable may be unsafe. Consider using _dupenv_s instead. To disable deprecation, use _CRT_SECURE_NO_WARNINGS. See online help for details.
  C:\Program Files (x86)\Windows Kits\10\Include\10.0.17763.0\ucrt\stdlib.h(1191): note: 参见“getenv”的声明
D:\project\LearnOpenGL\src\1.getting_started\7.3.camera_mouse_zoom\camera_mouse_zoom.cpp(224): warning C4244: “初始化”: 从“double”转换到“float”，可能丢失数据
D:\project\LearnOpenGL\src\1.getting_started\7.3.camera_mouse_zoom\camera_mouse_zoom.cpp(292): warning C4244: “初始化”: 从“double”转换到“float”，可能丢失数据
D:\project\LearnOpenGL\src\1.getting_started\7.3.camera_mouse_zoom\camera_mouse_zoom.cpp(318): warning C4244: “=”: 从“double”转换到“float”，可能丢失数据
D:\project\LearnOpenGL\src\1.getting_started\7.3.camera_mouse_zoom\camera_mouse_zoom.cpp(319): warning C4244: “=”: 从“double”转换到“float”，可能丢失数据
D:\project\LearnOpenGL\src\1.getting_started\7.3.camera_mouse_zoom\camera_mouse_zoom.cpp(323): warning C4244: “初始化”: 从“double”转换到“float”，可能丢失数据
D:\project\LearnOpenGL\src\1.getting_started\7.3.camera_mouse_zoom\camera_mouse_zoom.cpp(324): warning C4244: “初始化”: 从“double”转换到“float”，可能丢失数据
D:\project\LearnOpenGL\src\1.getting_started\7.3.camera_mouse_zoom\camera_mouse_zoom.cpp(325): warning C4244: “=”: 从“double”转换到“float”，可能丢失数据
D:\project\LearnOpenGL\src\1.getting_started\7.3.camera_mouse_zoom\camera_mouse_zoom.cpp(326): warning C4244: “=”: 从“double”转换到“float”，可能丢失数据
D:\project\LearnOpenGL\src\1.getting_started\7.3.camera_mouse_zoom\camera_mouse_zoom.cpp(353): warning C4244: “-=”: 从“double”转换到“float”，可能丢失数据
  1.getting_started__7.3.camera_mouse_zoom.vcxproj -> D:\project\LearnOpenGL\bin\1.getting_started\Debug\1.getting_started__7.3.camera_mouse_zoom.exe
