  Building Custom Rule D:/project/LearnOpenGL/CMakeLists.txt
cl : 命令行 warning D9002: 忽略未知选项“/EH;”
cl : 命令行 warning D9002: 忽略未知选项“/EH-”
cl : 命令行 warning D9002: 忽略未知选项“/EHt”
cl : 命令行 warning D9002: 忽略未知选项“/EHd”
cl : 命令行 warning D9002: 忽略未知选项“/EH=”
cl : 命令行 warning D9002: 忽略未知选项“/EH+”
cl : 命令行 warning D9002: 忽略未知选项“/EH+”
cl : 命令行 warning D9002: 忽略未知选项“/EH1”
cl : 命令行 warning D9002: 忽略未知选项“/EH1”
  lighting_maps_specular.cpp
D:\project\LearnOpenGL\includes\learnopengl/filesystem.h(23): warning C4996: 'getenv': This function or variable may be unsafe. Consider using _dupenv_s instead. To disable deprecation, use _CRT_SECURE_NO_WARNINGS. See online help for details.
  C:\Program Files (x86)\Windows Kits\10\Include\10.0.17763.0\ucrt\stdlib.h(1191): note: 参见“getenv”的声明
D:\project\LearnOpenGL\src\2.lighting\4.2.lighting_maps_specular_map\lighting_maps_specular.cpp(175): warning C4244: “初始化”: 从“double”转换到“float”，可能丢失数据
D:\project\LearnOpenGL\src\2.lighting\4.2.lighting_maps_specular_map\lighting_maps_specular.cpp(286): warning C4244: “=”: 从“double”转换到“float”，可能丢失数据
D:\project\LearnOpenGL\src\2.lighting\4.2.lighting_maps_specular_map\lighting_maps_specular.cpp(287): warning C4244: “=”: 从“double”转换到“float”，可能丢失数据
D:\project\LearnOpenGL\src\2.lighting\4.2.lighting_maps_specular_map\lighting_maps_specular.cpp(291): warning C4244: “初始化”: 从“double”转换到“float”，可能丢失数据
D:\project\LearnOpenGL\src\2.lighting\4.2.lighting_maps_specular_map\lighting_maps_specular.cpp(292): warning C4244: “初始化”: 从“double”转换到“float”，可能丢失数据
D:\project\LearnOpenGL\src\2.lighting\4.2.lighting_maps_specular_map\lighting_maps_specular.cpp(294): warning C4244: “=”: 从“double”转换到“float”，可能丢失数据
D:\project\LearnOpenGL\src\2.lighting\4.2.lighting_maps_specular_map\lighting_maps_specular.cpp(295): warning C4244: “=”: 从“double”转换到“float”，可能丢失数据
D:\project\LearnOpenGL\src\2.lighting\4.2.lighting_maps_specular_map\lighting_maps_specular.cpp(304): warning C4244: “参数”: 从“double”转换到“float”，可能丢失数据
  2.lighting__4.2.lighting_maps_specular_map.vcxproj -> D:\project\LearnOpenGL\bin\2.lighting\Debug\2.lighting__4.2.lighting_maps_specular_map.exe
