  Building Custom Rule D:/project/LearnOpenGL/CMakeLists.txt
cl : 命令行 warning D9002: 忽略未知选项“/EH;”
cl : 命令行 warning D9002: 忽略未知选项“/EH-”
cl : 命令行 warning D9002: 忽略未知选项“/EHt”
cl : 命令行 warning D9002: 忽略未知选项“/EHd”
cl : 命令行 warning D9002: 忽略未知选项“/EH=”
cl : 命令行 warning D9002: 忽略未知选项“/EH+”
cl : 命令行 warning D9002: 忽略未知选项“/EH+”
cl : 命令行 warning D9002: 忽略未知选项“/EH1”
cl : 命令行 warning D9002: 忽略未知选项“/EH1”
  ibl_irradiance_conversion.cpp
D:\project\LearnOpenGL\includes\learnopengl/filesystem.h(23): warning C4996: 'getenv': This function or variable may be unsafe. Consider using _dupenv_s instead. To disable deprecation, use _CRT_SECURE_NO_WARNINGS. See online help for details.
  C:\Program Files (x86)\Windows Kits\10\Include\10.0.17763.0\ucrt\stdlib.h(1191): note: 参见“getenv”的声明
D:\project\LearnOpenGL\includes\learnopengl/mesh.h(88): warning C4267: “参数”: 从“size_t”转换到“GLsizei”，可能丢失数据
D:\project\LearnOpenGL\src\6.pbr\2.1.1.ibl_irradiance_conversion\ibl_irradiance_conversion.cpp(217): warning C4244: “初始化”: 从“double”转换到“float”，可能丢失数据
D:\project\LearnOpenGL\src\6.pbr\2.1.1.ibl_irradiance_conversion\ibl_irradiance_conversion.cpp(310): warning C4244: “初始化”: 从“double”转换到“float”，可能丢失数据
D:\project\LearnOpenGL\src\6.pbr\2.1.1.ibl_irradiance_conversion\ibl_irradiance_conversion.cpp(337): warning C4244: “=”: 从“double”转换到“float”，可能丢失数据
D:\project\LearnOpenGL\src\6.pbr\2.1.1.ibl_irradiance_conversion\ibl_irradiance_conversion.cpp(338): warning C4244: “=”: 从“double”转换到“float”，可能丢失数据
D:\project\LearnOpenGL\src\6.pbr\2.1.1.ibl_irradiance_conversion\ibl_irradiance_conversion.cpp(342): warning C4244: “初始化”: 从“double”转换到“float”，可能丢失数据
D:\project\LearnOpenGL\src\6.pbr\2.1.1.ibl_irradiance_conversion\ibl_irradiance_conversion.cpp(343): warning C4244: “初始化”: 从“double”转换到“float”，可能丢失数据
D:\project\LearnOpenGL\src\6.pbr\2.1.1.ibl_irradiance_conversion\ibl_irradiance_conversion.cpp(345): warning C4244: “=”: 从“double”转换到“float”，可能丢失数据
D:\project\LearnOpenGL\src\6.pbr\2.1.1.ibl_irradiance_conversion\ibl_irradiance_conversion.cpp(346): warning C4244: “=”: 从“double”转换到“float”，可能丢失数据
D:\project\LearnOpenGL\src\6.pbr\2.1.1.ibl_irradiance_conversion\ibl_irradiance_conversion.cpp(355): warning C4244: “参数”: 从“double”转换到“float”，可能丢失数据
D:\project\LearnOpenGL\src\6.pbr\2.1.1.ibl_irradiance_conversion\ibl_irradiance_conversion.cpp(379): warning C4305: “初始化”: 从“double”到“float”截断
D:\project\LearnOpenGL\src\6.pbr\2.1.1.ibl_irradiance_conversion\ibl_irradiance_conversion.cpp(417): warning C4267: “=”: 从“size_t”转换到“unsigned int”，可能丢失数据
D:\project\LearnOpenGL\src\6.pbr\2.1.1.ibl_irradiance_conversion\ibl_irradiance_conversion.cpp(444): warning C4244: “参数”: 从“float”转换到“GLsizei”，可能丢失数据
D:\project\LearnOpenGL\src\6.pbr\2.1.1.ibl_irradiance_conversion\ibl_irradiance_conversion.cpp(446): warning C4244: “参数”: 从“float”转换到“GLsizei”，可能丢失数据
D:\project\LearnOpenGL\src\6.pbr\2.1.1.ibl_irradiance_conversion\ibl_irradiance_conversion.cpp(448): warning C4244: “参数”: 从“float”转换到“GLsizei”，可能丢失数据
  6.pbr__2.1.1.ibl_irradiance_conversion.vcxproj -> D:\project\LearnOpenGL\bin\6.pbr\Debug\6.pbr__2.1.1.ibl_irradiance_conversion.exe
