  Building Custom Rule D:/project/LearnOpenGL/CMakeLists.txt
cl : 命令行 warning D9002: 忽略未知选项“/EH;”
cl : 命令行 warning D9002: 忽略未知选项“/EH-”
cl : 命令行 warning D9002: 忽略未知选项“/EHt”
cl : 命令行 warning D9002: 忽略未知选项“/EHd”
cl : 命令行 warning D9002: 忽略未知选项“/EH=”
cl : 命令行 warning D9002: 忽略未知选项“/EH+”
cl : 命令行 warning D9002: 忽略未知选项“/EH+”
cl : 命令行 warning D9002: 忽略未知选项“/EH1”
cl : 命令行 warning D9002: 忽略未知选项“/EH1”
  lighting.cpp
D:\project\LearnOpenGL\includes\learnopengl/filesystem.h(23): warning C4996: 'getenv': This function or variable may be unsafe. Consider using _dupenv_s instead. To disable deprecation, use _CRT_SECURE_NO_WARNINGS. See online help for details.
  C:\Program Files (x86)\Windows Kits\10\Include\10.0.17763.0\ucrt\stdlib.h(1191): note: 参见“getenv”的声明
D:\project\LearnOpenGL\includes\learnopengl/mesh.h(88): warning C4267: “参数”: 从“size_t”转换到“GLsizei”，可能丢失数据
D:\project\LearnOpenGL\src\6.pbr\1.1.lighting\lighting.cpp(118): warning C4244: “初始化”: 从“double”转换到“float”，可能丢失数据
D:\project\LearnOpenGL\src\6.pbr\1.1.lighting\lighting.cpp(194): warning C4244: “初始化”: 从“double”转换到“float”，可能丢失数据
D:\project\LearnOpenGL\src\6.pbr\1.1.lighting\lighting.cpp(221): warning C4244: “=”: 从“double”转换到“float”，可能丢失数据
D:\project\LearnOpenGL\src\6.pbr\1.1.lighting\lighting.cpp(222): warning C4244: “=”: 从“double”转换到“float”，可能丢失数据
D:\project\LearnOpenGL\src\6.pbr\1.1.lighting\lighting.cpp(226): warning C4244: “初始化”: 从“double”转换到“float”，可能丢失数据
D:\project\LearnOpenGL\src\6.pbr\1.1.lighting\lighting.cpp(227): warning C4244: “初始化”: 从“double”转换到“float”，可能丢失数据
D:\project\LearnOpenGL\src\6.pbr\1.1.lighting\lighting.cpp(229): warning C4244: “=”: 从“double”转换到“float”，可能丢失数据
D:\project\LearnOpenGL\src\6.pbr\1.1.lighting\lighting.cpp(230): warning C4244: “=”: 从“double”转换到“float”，可能丢失数据
D:\project\LearnOpenGL\src\6.pbr\1.1.lighting\lighting.cpp(239): warning C4244: “参数”: 从“double”转换到“float”，可能丢失数据
D:\project\LearnOpenGL\src\6.pbr\1.1.lighting\lighting.cpp(263): warning C4305: “初始化”: 从“double”到“float”截断
D:\project\LearnOpenGL\src\6.pbr\1.1.lighting\lighting.cpp(301): warning C4267: “=”: 从“size_t”转换到“unsigned int”，可能丢失数据
D:\project\LearnOpenGL\src\6.pbr\1.1.lighting\lighting.cpp(328): warning C4244: “参数”: 从“float”转换到“GLsizei”，可能丢失数据
D:\project\LearnOpenGL\src\6.pbr\1.1.lighting\lighting.cpp(330): warning C4244: “参数”: 从“float”转换到“GLsizei”，可能丢失数据
D:\project\LearnOpenGL\src\6.pbr\1.1.lighting\lighting.cpp(332): warning C4244: “参数”: 从“float”转换到“GLsizei”，可能丢失数据
  6.pbr__1.1.lighting.vcxproj -> D:\project\LearnOpenGL\bin\6.pbr\Debug\6.pbr__1.1.lighting.exe
