  Building Custom Rule D:/project/LearnOpenGL/CMakeLists.txt
cl : 命令行 warning D9002: 忽略未知选项“/EH;”
cl : 命令行 warning D9002: 忽略未知选项“/EH-”
cl : 命令行 warning D9002: 忽略未知选项“/EHt”
cl : 命令行 warning D9002: 忽略未知选项“/EHd”
cl : 命令行 warning D9002: 忽略未知选项“/EH=”
cl : 命令行 warning D9002: 忽略未知选项“/EH+”
cl : 命令行 warning D9002: 忽略未知选项“/EH+”
cl : 命令行 warning D9002: 忽略未知选项“/EH1”
cl : 命令行 warning D9002: 忽略未知选项“/EH1”
  basic_lighting_specular.cpp
D:\project\LearnOpenGL\includes\learnopengl/filesystem.h(23): warning C4996: 'getenv': This function or variable may be unsafe. Consider using _dupenv_s instead. To disable deprecation, use _CRT_SECURE_NO_WARNINGS. See online help for details.
  C:\Program Files (x86)\Windows Kits\10\Include\10.0.17763.0\ucrt\stdlib.h(1191): note: 参见“getenv”的声明
D:\project\LearnOpenGL\src\2.lighting\2.2.basic_lighting_specular\basic_lighting_specular.cpp(163): warning C4244: “初始化”: 从“double”转换到“float”，可能丢失数据
D:\project\LearnOpenGL\src\2.lighting\2.2.basic_lighting_specular\basic_lighting_specular.cpp(262): warning C4244: “=”: 从“double”转换到“float”，可能丢失数据
D:\project\LearnOpenGL\src\2.lighting\2.2.basic_lighting_specular\basic_lighting_specular.cpp(263): warning C4244: “=”: 从“double”转换到“float”，可能丢失数据
D:\project\LearnOpenGL\src\2.lighting\2.2.basic_lighting_specular\basic_lighting_specular.cpp(267): warning C4244: “初始化”: 从“double”转换到“float”，可能丢失数据
D:\project\LearnOpenGL\src\2.lighting\2.2.basic_lighting_specular\basic_lighting_specular.cpp(268): warning C4244: “初始化”: 从“double”转换到“float”，可能丢失数据
D:\project\LearnOpenGL\src\2.lighting\2.2.basic_lighting_specular\basic_lighting_specular.cpp(270): warning C4244: “=”: 从“double”转换到“float”，可能丢失数据
D:\project\LearnOpenGL\src\2.lighting\2.2.basic_lighting_specular\basic_lighting_specular.cpp(271): warning C4244: “=”: 从“double”转换到“float”，可能丢失数据
D:\project\LearnOpenGL\src\2.lighting\2.2.basic_lighting_specular\basic_lighting_specular.cpp(280): warning C4244: “参数”: 从“double”转换到“float”，可能丢失数据
  2.lighting__2.2.basic_lighting_specular.vcxproj -> D:\project\LearnOpenGL\bin\2.lighting\Debug\2.lighting__2.2.basic_lighting_specular.exe
