  Building Custom Rule D:/project/LearnOpenGL/CMakeLists.txt
cl : 命令行 warning D9002: 忽略未知选项“/EH;”
cl : 命令行 warning D9002: 忽略未知选项“/EH-”
cl : 命令行 warning D9002: 忽略未知选项“/EHt”
cl : 命令行 warning D9002: 忽略未知选项“/EHd”
cl : 命令行 warning D9002: 忽略未知选项“/EH=”
cl : 命令行 warning D9002: 忽略未知选项“/EH+”
cl : 命令行 warning D9002: 忽略未知选项“/EH+”
cl : 命令行 warning D9002: 忽略未知选项“/EH1”
cl : 命令行 warning D9002: 忽略未知选项“/EH1”
  multiple_lights.cpp
D:\project\LearnOpenGL\includes\learnopengl/filesystem.h(23): warning C4996: 'getenv': This function or variable may be unsafe. Consider using _dupenv_s instead. To disable deprecation, use _CRT_SECURE_NO_WARNINGS. See online help for details.
  C:\Program Files (x86)\Windows Kits\10\Include\10.0.17763.0\ucrt\stdlib.h(1191): note: 参见“getenv”的声明
D:\project\LearnOpenGL\src\2.lighting\6.multiple_lights\multiple_lights.cpp(195): warning C4244: “初始化”: 从“double”转换到“float”，可能丢失数据
D:\project\LearnOpenGL\src\2.lighting\6.multiple_lights\multiple_lights.cpp(230): warning C4305: “参数”: 从“double”到“float”截断
D:\project\LearnOpenGL\src\2.lighting\6.multiple_lights\multiple_lights.cpp(231): warning C4305: “参数”: 从“double”到“float”截断
D:\project\LearnOpenGL\src\2.lighting\6.multiple_lights\multiple_lights.cpp(238): warning C4305: “参数”: 从“double”到“float”截断
D:\project\LearnOpenGL\src\2.lighting\6.multiple_lights\multiple_lights.cpp(239): warning C4305: “参数”: 从“double”到“float”截断
D:\project\LearnOpenGL\src\2.lighting\6.multiple_lights\multiple_lights.cpp(246): warning C4305: “参数”: 从“double”到“float”截断
D:\project\LearnOpenGL\src\2.lighting\6.multiple_lights\multiple_lights.cpp(247): warning C4305: “参数”: 从“double”到“float”截断
D:\project\LearnOpenGL\src\2.lighting\6.multiple_lights\multiple_lights.cpp(254): warning C4305: “参数”: 从“double”到“float”截断
D:\project\LearnOpenGL\src\2.lighting\6.multiple_lights\multiple_lights.cpp(255): warning C4305: “参数”: 从“double”到“float”截断
D:\project\LearnOpenGL\src\2.lighting\6.multiple_lights\multiple_lights.cpp(263): warning C4305: “参数”: 从“double”到“float”截断
D:\project\LearnOpenGL\src\2.lighting\6.multiple_lights\multiple_lights.cpp(264): warning C4305: “参数”: 从“double”到“float”截断
D:\project\LearnOpenGL\src\2.lighting\6.multiple_lights\multiple_lights.cpp(366): warning C4244: “=”: 从“double”转换到“float”，可能丢失数据
D:\project\LearnOpenGL\src\2.lighting\6.multiple_lights\multiple_lights.cpp(367): warning C4244: “=”: 从“double”转换到“float”，可能丢失数据
D:\project\LearnOpenGL\src\2.lighting\6.multiple_lights\multiple_lights.cpp(371): warning C4244: “初始化”: 从“double”转换到“float”，可能丢失数据
D:\project\LearnOpenGL\src\2.lighting\6.multiple_lights\multiple_lights.cpp(372): warning C4244: “初始化”: 从“double”转换到“float”，可能丢失数据
D:\project\LearnOpenGL\src\2.lighting\6.multiple_lights\multiple_lights.cpp(374): warning C4244: “=”: 从“double”转换到“float”，可能丢失数据
D:\project\LearnOpenGL\src\2.lighting\6.multiple_lights\multiple_lights.cpp(375): warning C4244: “=”: 从“double”转换到“float”，可能丢失数据
D:\project\LearnOpenGL\src\2.lighting\6.multiple_lights\multiple_lights.cpp(384): warning C4244: “参数”: 从“double”转换到“float”，可能丢失数据
  2.lighting__6.multiple_lights.vcxproj -> D:\project\LearnOpenGL\bin\2.lighting\Debug\2.lighting__6.multiple_lights.exe
